<?xml version="1.0" encoding="UTF-8"?>
<!-- Generated by org.testng.reporters.JUnitXMLReporter -->
<testsuite ignored="4" hostname="LAPTOP-PP1PNQMU" failures="0" tests="3" name="Test" time="94.381" errors="0" timestamp="2023-02-20T10:24:49 IST">
  <testcase classname="testcase.Click_task" name="taskc" time="12.583"/>
  <testcase classname="testcase.Click_reports" name="reportc" time="15.525"/>
  <testcase classname="testcase.Click_on_user" name="userc" time="8.639"/>
  <testcase classname="base.Utility.Base_Class" name="@BeforeSuite databaseconn" time="0.0">
    <ignored/>
  </testcase> <!-- @BeforeSuite databaseconn -->
  <testcase classname="base.Utility.Base_Class" name="@BeforeSuite databaseconn" time="0.0">
    <ignored/>
  </testcase> <!-- @BeforeSuite databaseconn -->
  <testcase classname="base.Utility.Base_Class" name="@AfterSuite closeDB" time="0.0">
    <ignored/>
  </testcase> <!-- @AfterSuite closeDB -->
  <testcase classname="base.Utility.Base_Class" name="@AfterSuite closeDB" time="0.0">
    <ignored/>
  </testcase> <!-- @AfterSuite closeDB -->
</testsuite> <!-- Test -->
